<?xml version="1.0" encoding="UTF-8"?>
<!-- Generated by org.testng.reporters.JUnitReportReporter -->
<testsuite hostname="DESKTOP-LDIQ5RT" failures="0" tests="2" name="qaclickacademy.Mavenjava.SeleniumTest" time="0.010" errors="0" timestamp="2021-04-24T20:00:06 IST" skipped="0">
  <testcase classname="qaclickacademy.Mavenjava.SeleniumTest" name="BrowserAutomation" time="0.006"/>
  <testcase classname="qaclickacademy.Mavenjava.SeleniumTest" name="ElementUi" time="0.004"/>
</testsuite> <!-- qaclickacademy.Mavenjava.SeleniumTest -->
