<?xml version="1.0" encoding="UTF-8"?>
<!-- Generated by org.testng.reporters.JUnitReportReporter -->
<testsuite hostname="DESKTOP-LDIQ5RT" failures="0" tests="1" name="qaclickacademy.Mavenjava.AppiumTest" time="0.017" errors="0" timestamp="2021-04-24T20:00:06 IST" skipped="0">
  <testcase classname="qaclickacademy.Mavenjava.AppiumTest" name="Appiumtestcase2" time="0.017"/>
</testsuite> <!-- qaclickacademy.Mavenjava.AppiumTest -->
