<?xml version="1.0" encoding="UTF-8"?>
<!-- Generated by org.testng.reporters.JUnitReportReporter -->
<testsuite hostname="DESKTOP-LDIQ5RT" failures="0" tests="2" name="qaclickacademy.Mavenjava.RestApiTest" time="0.001" errors="0" timestamp="2021-04-24T20:01:04 IST" skipped="0">
  <testcase classname="qaclickacademy.Mavenjava.RestApiTest" name="RestApitestcase1" time="0.000"/>
  <system-out/>
  <testcase classname="qaclickacademy.Mavenjava.RestApiTest" name="RestApitestcase2" time="0.001"/>
  <system-out/>
</testsuite> <!-- qaclickacademy.Mavenjava.RestApiTest -->
