<?xml version="1.0" encoding="UTF-8"?>
<!-- Generated by org.testng.reporters.JUnitReportReporter -->
<testsuite hostname="DESKTOP-LDIQ5RT" failures="0" tests="1" name="qaclickacademy.Mavenjava.AppiumTest" time="0.008" errors="0" timestamp="2021-04-24T20:01:04 IST" skipped="0">
  <testcase classname="qaclickacademy.Mavenjava.AppiumTest" name="Appiumtestcase2" time="0.008"/>
  <system-out/>
</testsuite> <!-- qaclickacademy.Mavenjava.AppiumTest -->
